<?xml version="1.0" encoding="UTF-8"?>
<coverage generated="1542893331001" clover="3.2.0">
  <project timestamp="1542893331001" name="All files">
    <metrics statements="17" coveredstatements="17" conditionals="10" coveredconditionals="8" methods="7" coveredmethods="7" elements="34" coveredelements="32" complexity="0" loc="17" ncloc="17" packages="1" files="3" classes="3">
      <file name="CustomError.js" path="/home/edvin/UniCourses/2dv610/tdd-dice-guess/src/model/CustomError.js">
        <metrics statements="1" coveredstatements="1" conditionals="0" coveredconditionals="0" methods="0" coveredmethods="0"/>
        <line num="11" count="2" type="stmt"/>
      </file>
      <file name="Die.js" path="/home/edvin/UniCourses/2dv610/tdd-dice-guess/src/model/Die.js">
        <metrics statements="4" coveredstatements="4" conditionals="0" coveredconditionals="0" methods="3" coveredmethods="3"/>
        <line num="5" count="1201" type="stmt"/>
        <line num="8" count="1201" type="stmt"/>
        <line num="11" count="1200" type="stmt"/>
        <line num="16" count="2" type="stmt"/>
      </file>
      <file name="Game.js" path="/home/edvin/UniCourses/2dv610/tdd-dice-guess/src/model/Game.js">
        <metrics statements="12" coveredstatements="12" conditionals="10" coveredconditionals="8" methods="4" coveredmethods="4"/>
        <line num="3" count="1" type="stmt"/>
        <line num="7" count="8" type="cond" truecount="2" falsecount="0"/>
        <line num="9" count="7" type="stmt"/>
        <line num="10" count="7" type="stmt"/>
        <line num="12" count="7" type="stmt"/>
        <line num="13" count="7" type="stmt"/>
        <line num="17" count="4" type="stmt"/>
        <line num="21" count="1" type="cond" truecount="1" falsecount="1"/>
        <line num="25" count="4" type="cond" truecount="2" falsecount="0"/>
        <line num="26" count="3" type="cond" truecount="2" falsecount="0"/>
        <line num="27" count="1" type="cond" truecount="1" falsecount="1"/>
        <line num="31" count="1" type="stmt"/>
      </file>
    </metrics>
  </project>
</coverage>
