<?xml version="1.0" encoding="UTF-8"?>
<coverage generated="1543323801994" clover="3.2.0">
  <project timestamp="1543323801994" name="All files">
    <metrics statements="85" coveredstatements="85" conditionals="28" coveredconditionals="27" methods="29" coveredmethods="29" elements="142" coveredelements="141" complexity="0" loc="85" ncloc="85" packages="6" files="9" classes="9">
      <package name="src">
        <metrics statements="11" coveredstatements="11" conditionals="0" coveredconditionals="0" methods="1" coveredmethods="1"/>
        <file name="index.js" path="/home/edvin/UniCourses/2dv610/tdd-dice-guess/src/index.js">
          <metrics statements="11" coveredstatements="11" conditionals="0" coveredconditionals="0" methods="1" coveredmethods="1"/>
          <line num="3" count="1" type="stmt"/>
          <line num="4" count="1" type="stmt"/>
          <line num="5" count="1" type="stmt"/>
          <line num="6" count="1" type="stmt"/>
          <line num="7" count="1" type="stmt"/>
          <line num="9" count="1" type="stmt"/>
          <line num="10" count="4" type="stmt"/>
          <line num="11" count="4" type="stmt"/>
          <line num="12" count="4" type="stmt"/>
          <line num="13" count="4" type="stmt"/>
          <line num="16" count="1" type="stmt"/>
        </file>
      </package>
      <package name="src.controller">
        <metrics statements="11" coveredstatements="11" conditionals="8" coveredconditionals="8" methods="1" coveredmethods="1"/>
        <file name="Controller.js" path="/home/edvin/UniCourses/2dv610/tdd-dice-guess/src/controller/Controller.js">
          <metrics statements="11" coveredstatements="11" conditionals="8" coveredconditionals="8" methods="1" coveredmethods="1"/>
          <line num="3" count="2" type="stmt"/>
          <line num="7" count="21" type="cond" truecount="4" falsecount="0"/>
          <line num="9" count="19" type="stmt"/>
          <line num="11" count="19" type="stmt"/>
          <line num="12" count="19" type="stmt"/>
          <line num="13" count="19" type="stmt"/>
          <line num="15" count="19" type="cond" truecount="2" falsecount="0"/>
          <line num="17" count="19" type="cond" truecount="2" falsecount="0"/>
          <line num="18" count="11" type="stmt"/>
          <line num="19" count="11" type="stmt"/>
          <line num="24" count="2" type="stmt"/>
        </file>
      </package>
      <package name="src.model">
        <metrics statements="20" coveredstatements="20" conditionals="8" coveredconditionals="8" methods="8" coveredmethods="8"/>
        <file name="CustomError.js" path="/home/edvin/UniCourses/2dv610/tdd-dice-guess/src/model/CustomError.js">
          <metrics statements="1" coveredstatements="1" conditionals="0" coveredconditionals="0" methods="0" coveredmethods="0"/>
          <line num="9" count="9" type="stmt"/>
        </file>
        <file name="Die.js" path="/home/edvin/UniCourses/2dv610/tdd-dice-guess/src/model/Die.js">
          <metrics statements="2" coveredstatements="2" conditionals="0" coveredconditionals="0" methods="1" coveredmethods="1"/>
          <line num="5" count="1204" type="stmt"/>
          <line num="9" count="5" type="stmt"/>
        </file>
        <file name="Game.js" path="/home/edvin/UniCourses/2dv610/tdd-dice-guess/src/model/Game.js">
          <metrics statements="17" coveredstatements="17" conditionals="8" coveredconditionals="8" methods="7" coveredmethods="7"/>
          <line num="3" count="4" type="stmt"/>
          <line num="7" count="31" type="cond" truecount="2" falsecount="0"/>
          <line num="9" count="30" type="stmt"/>
          <line num="10" count="30" type="stmt"/>
          <line num="11" count="30" type="stmt"/>
          <line num="14" count="9" type="stmt"/>
          <line num="16" count="8" type="stmt"/>
          <line num="19" count="21" type="stmt"/>
          <line num="20" count="21" type="stmt"/>
          <line num="24" count="2" type="stmt"/>
          <line num="25" count="2" type="stmt"/>
          <line num="29" count="10" type="stmt"/>
          <line num="30" count="6" type="stmt"/>
          <line num="34" count="10" type="cond" truecount="2" falsecount="0"/>
          <line num="35" count="9" type="cond" truecount="2" falsecount="0"/>
          <line num="36" count="7" type="cond" truecount="2" falsecount="0"/>
          <line num="40" count="4" type="stmt"/>
        </file>
      </package>
      <package name="src.view">
        <metrics statements="26" coveredstatements="26" conditionals="12" coveredconditionals="11" methods="11" coveredmethods="11"/>
        <file name="UserInterface.js" path="/home/edvin/UniCourses/2dv610/tdd-dice-guess/src/view/UserInterface.js">
          <metrics statements="26" coveredstatements="26" conditionals="12" coveredconditionals="11" methods="11" coveredmethods="11"/>
          <line num="3" count="3" type="stmt"/>
          <line num="7" count="25" type="cond" truecount="4" falsecount="0"/>
          <line num="8" count="2" type="stmt"/>
          <line num="10" count="23" type="stmt"/>
          <line num="13" count="23" type="stmt"/>
          <line num="14" count="15" type="cond" truecount="1" falsecount="1"/>
          <line num="15" count="15" type="stmt"/>
          <line num="17" count="15" type="stmt"/>
          <line num="26" count="2" type="cond" truecount="2" falsecount="0"/>
          <line num="27" count="1" type="stmt"/>
          <line num="31" count="4" type="stmt"/>
          <line num="32" count="4" type="stmt"/>
          <line num="36" count="1" type="stmt"/>
          <line num="43" count="4" type="stmt"/>
          <line num="45" count="4" type="cond" truecount="2" falsecount="0"/>
          <line num="46" count="3" type="stmt"/>
          <line num="48" count="4" type="stmt"/>
          <line num="52" count="5" type="stmt"/>
          <line num="54" count="5" type="cond" truecount="2" falsecount="0"/>
          <line num="56" count="4" type="stmt"/>
          <line num="59" count="6" type="stmt"/>
          <line num="62" count="1" type="stmt"/>
          <line num="66" count="1" type="stmt"/>
          <line num="70" count="2" type="stmt"/>
          <line num="71" count="2" type="stmt"/>
          <line num="77" count="3" type="stmt"/>
        </file>
      </package>
      <package name="test.modelTest">
        <metrics statements="6" coveredstatements="6" conditionals="0" coveredconditionals="0" methods="2" coveredmethods="2"/>
        <file name="DieStub.js" path="/home/edvin/UniCourses/2dv610/tdd-dice-guess/test/modelTest/DieStub.js">
          <metrics statements="6" coveredstatements="6" conditionals="0" coveredconditionals="0" methods="2" coveredmethods="2"/>
          <line num="3" count="1" type="stmt"/>
          <line num="7" count="9" type="stmt"/>
          <line num="8" count="9" type="stmt"/>
          <line num="12" count="1" type="stmt"/>
          <line num="13" count="4" type="stmt"/>
          <line num="16" count="1" type="stmt"/>
        </file>
      </package>
      <package name="test.viewTest">
        <metrics statements="11" coveredstatements="11" conditionals="0" coveredconditionals="0" methods="6" coveredmethods="6"/>
        <file name="CustomConsoleStub.js" path="/home/edvin/UniCourses/2dv610/tdd-dice-guess/test/viewTest/CustomConsoleStub.js">
          <metrics statements="5" coveredstatements="5" conditionals="0" coveredconditionals="0" methods="3" coveredmethods="3"/>
          <line num="7" count="1" type="stmt"/>
          <line num="8" count="1" type="stmt"/>
          <line num="10" count="1" type="stmt"/>
          <line num="11" count="1" type="stmt"/>
          <line num="16" count="1" type="stmt"/>
        </file>
        <file name="ReadlineSyncStub.js" path="/home/edvin/UniCourses/2dv610/tdd-dice-guess/test/viewTest/ReadlineSyncStub.js">
          <metrics statements="6" coveredstatements="6" conditionals="0" coveredconditionals="0" methods="3" coveredmethods="3"/>
          <line num="7" count="10" type="stmt"/>
          <line num="8" count="2" type="stmt"/>
          <line num="10" count="10" type="stmt"/>
          <line num="11" count="2" type="stmt"/>
          <line num="12" count="2" type="stmt"/>
          <line num="17" count="2" type="stmt"/>
        </file>
      </package>
    </metrics>
  </project>
</coverage>
