{"/home/edvin/UniCourses/2dv610/tdd-dice-guess/src/model/CustomError.js": {"path":"/home/edvin/UniCourses/2dv610/tdd-dice-guess/src/model/CustomError.js","statementMap":{"0":{"start":{"line":11,"column":0},"end":{"line":16,"column":1}}},"fnMap":{},"branchMap":{},"s":{"0":2},"f":{},"b":{},"_coverageSchema":"332fd63041d2c1bcb487cc26dd0d5f7d97098a6c","hash":"759f804cedcc3cbe0c48ddf19253f8a10dd1a277"}
,"/home/edvin/UniCourses/2dv610/tdd-dice-guess/src/model/Die.js": {"path":"/home/edvin/UniCourses/2dv610/tdd-dice-guess/src/model/Die.js","statementMap":{"0":{"start":{"line":5,"column":4},"end":{"line":5,"column":26}},"1":{"start":{"line":8,"column":20},"end":{"line":8,"column":42}},"2":{"start":{"line":11,"column":4},"end":{"line":12,"column":40}},"3":{"start":{"line":16,"column":0},"end":{"line":16,"column":20}}},"fnMap":{"0":{"name":"(anonymous_0)","decl":{"start":{"line":4,"column":2},"end":{"line":4,"column":3}},"loc":{"start":{"line":4,"column":17},"end":{"line":6,"column":3}},"line":4},"1":{"name":"(anonymous_1)","decl":{"start":{"line":8,"column":2},"end":{"line":8,"column":3}},"loc":{"start":{"line":8,"column":18},"end":{"line":8,"column":44}},"line":8},"2":{"name":"(anonymous_2)","decl":{"start":{"line":10,"column":2},"end":{"line":10,"column":3}},"loc":{"start":{"line":10,"column":10},"end":{"line":13,"column":3}},"line":10}},"branchMap":{},"s":{"0":1201,"1":1201,"2":1200,"3":2},"f":{"0":1201,"1":1201,"2":1200},"b":{},"_coverageSchema":"332fd63041d2c1bcb487cc26dd0d5f7d97098a6c","hash":"422d823b28829edf7f073e0582bf0b4727930df9"}
,"/home/edvin/UniCourses/2dv610/tdd-dice-guess/src/model/Game.js": {"path":"/home/edvin/UniCourses/2dv610/tdd-dice-guess/src/model/Game.js","statementMap":{"0":{"start":{"line":3,"column":20},"end":{"line":3,"column":44}},"1":{"start":{"line":7,"column":4},"end":{"line":7,"column":56}},"2":{"start":{"line":7,"column":14},"end":{"line":7,"column":56}},"3":{"start":{"line":9,"column":4},"end":{"line":9,"column":29}},"4":{"start":{"line":10,"column":4},"end":{"line":10,"column":30}},"5":{"start":{"line":12,"column":4},"end":{"line":12,"column":24}},"6":{"start":{"line":13,"column":4},"end":{"line":13,"column":25}},"7":{"start":{"line":17,"column":4},"end":{"line":17,"column":29}},"8":{"start":{"line":21,"column":4},"end":{"line":21,"column":57}},"9":{"start":{"line":21,"column":21},"end":{"line":21,"column":57}},"10":{"start":{"line":25,"column":4},"end":{"line":25,"column":58}},"11":{"start":{"line":25,"column":16},"end":{"line":25,"column":58}},"12":{"start":{"line":26,"column":4},"end":{"line":26,"column":71}},"13":{"start":{"line":26,"column":34},"end":{"line":26,"column":71}},"14":{"start":{"line":27,"column":4},"end":{"line":27,"column":62}},"15":{"start":{"line":27,"column":19},"end":{"line":27,"column":62}},"16":{"start":{"line":31,"column":0},"end":{"line":31,"column":21}}},"fnMap":{"0":{"name":"(anonymous_0)","decl":{"start":{"line":6,"column":2},"end":{"line":6,"column":3}},"loc":{"start":{"line":6,"column":19},"end":{"line":14,"column":3}},"line":6},"1":{"name":"(anonymous_1)","decl":{"start":{"line":16,"column":2},"end":{"line":16,"column":3}},"loc":{"start":{"line":16,"column":24},"end":{"line":18,"column":3}},"line":16},"2":{"name":"(anonymous_2)","decl":{"start":{"line":20,"column":2},"end":{"line":20,"column":3}},"loc":{"start":{"line":20,"column":18},"end":{"line":22,"column":3}},"line":20},"3":{"name":"(anonymous_3)","decl":{"start":{"line":24,"column":2},"end":{"line":24,"column":3}},"loc":{"start":{"line":24,"column":24},"end":{"line":28,"column":3}},"line":24}},"branchMap":{"0":{"loc":{"start":{"line":7,"column":4},"end":{"line":7,"column":56}},"type":"if","locations":[{"start":{"line":7,"column":4},"end":{"line":7,"column":56}},{"start":{"line":7,"column":4},"end":{"line":7,"column":56}}],"line":7},"1":{"loc":{"start":{"line":21,"column":4},"end":{"line":21,"column":57}},"type":"if","locations":[{"start":{"line":21,"column":4},"end":{"line":21,"column":57}},{"start":{"line":21,"column":4},"end":{"line":21,"column":57}}],"line":21},"2":{"loc":{"start":{"line":25,"column":4},"end":{"line":25,"column":58}},"type":"if","locations":[{"start":{"line":25,"column":4},"end":{"line":25,"column":58}},{"start":{"line":25,"column":4},"end":{"line":25,"column":58}}],"line":25},"3":{"loc":{"start":{"line":26,"column":4},"end":{"line":26,"column":71}},"type":"if","locations":[{"start":{"line":26,"column":4},"end":{"line":26,"column":71}},{"start":{"line":26,"column":4},"end":{"line":26,"column":71}}],"line":26},"4":{"loc":{"start":{"line":27,"column":4},"end":{"line":27,"column":62}},"type":"if","locations":[{"start":{"line":27,"column":4},"end":{"line":27,"column":62}},{"start":{"line":27,"column":4},"end":{"line":27,"column":62}}],"line":27}},"s":{"0":1,"1":8,"2":1,"3":7,"4":7,"5":7,"6":7,"7":4,"8":1,"9":1,"10":4,"11":1,"12":3,"13":2,"14":1,"15":1,"16":1},"f":{"0":8,"1":4,"2":1,"3":4},"b":{"0":[1,7],"1":[1,0],"2":[1,3],"3":[2,1],"4":[1,0]},"_coverageSchema":"332fd63041d2c1bcb487cc26dd0d5f7d97098a6c","hash":"b4d580156a71dd555cd9a5d41565567bebe81468"}
}
