{"/home/edvin/UniCourses/2dv610/tdd-dice-guess/src/index.js": {"path":"/home/edvin/UniCourses/2dv610/tdd-dice-guess/src/index.js","statementMap":{"0":{"start":{"line":3,"column":13},"end":{"line":3,"column":36}},"1":{"start":{"line":4,"column":12},"end":{"line":4,"column":34}},"2":{"start":{"line":5,"column":22},"end":{"line":5,"column":53}},"3":{"start":{"line":6,"column":21},"end":{"line":6,"column":45}},"4":{"start":{"line":7,"column":19},"end":{"line":7,"column":53}},"5":{"start":{"line":9,"column":12},"end":{"line":14,"column":1}},"6":{"start":{"line":10,"column":17},"end":{"line":10,"column":36}},"7":{"start":{"line":11,"column":15},"end":{"line":11,"column":48}},"8":{"start":{"line":12,"column":23},"end":{"line":12,"column":39}},"9":{"start":{"line":13,"column":4},"end":{"line":13,"column":33}},"10":{"start":{"line":16,"column":0},"end":{"line":16,"column":24}}},"fnMap":{"0":{"name":"(anonymous_0)","decl":{"start":{"line":9,"column":12},"end":{"line":9,"column":13}},"loc":{"start":{"line":9,"column":26},"end":{"line":14,"column":1}},"line":9}},"branchMap":{},"s":{"0":1,"1":1,"2":1,"3":1,"4":1,"5":1,"6":4,"7":4,"8":4,"9":4,"10":1},"f":{"0":4},"b":{},"_coverageSchema":"332fd63041d2c1bcb487cc26dd0d5f7d97098a6c","hash":"9b64e7e37626ef0d23ceb572b4fa3401be64d542"}
,"/home/edvin/UniCourses/2dv610/tdd-dice-guess/src/controller/Controller.js": {"path":"/home/edvin/UniCourses/2dv610/tdd-dice-guess/src/controller/Controller.js","statementMap":{"0":{"start":{"line":3,"column":20},"end":{"line":3,"column":58}},"1":{"start":{"line":7,"column":8},"end":{"line":7,"column":68}},"2":{"start":{"line":7,"column":26},"end":{"line":7,"column":68}},"3":{"start":{"line":9,"column":8},"end":{"line":9,"column":25}},"4":{"start":{"line":11,"column":8},"end":{"line":11,"column":34}},"5":{"start":{"line":12,"column":8},"end":{"line":12,"column":36}},"6":{"start":{"line":13,"column":8},"end":{"line":13,"column":32}},"7":{"start":{"line":15,"column":8},"end":{"line":15,"column":60}},"8":{"start":{"line":15,"column":43},"end":{"line":15,"column":60}},"9":{"start":{"line":17,"column":8},"end":{"line":20,"column":9}},"10":{"start":{"line":18,"column":26},"end":{"line":18,"column":39}},"11":{"start":{"line":19,"column":12},"end":{"line":19,"column":38}},"12":{"start":{"line":24,"column":0},"end":{"line":24,"column":27}}},"fnMap":{"0":{"name":"(anonymous_0)","decl":{"start":{"line":6,"column":4},"end":{"line":6,"column":5}},"loc":{"start":{"line":6,"column":23},"end":{"line":21,"column":5}},"line":6}},"branchMap":{"0":{"loc":{"start":{"line":7,"column":8},"end":{"line":7,"column":68}},"type":"if","locations":[{"start":{"line":7,"column":8},"end":{"line":7,"column":68}},{"start":{"line":7,"column":8},"end":{"line":7,"column":68}}],"line":7},"1":{"loc":{"start":{"line":7,"column":12},"end":{"line":7,"column":24}},"type":"binary-expr","locations":[{"start":{"line":7,"column":12},"end":{"line":7,"column":17}},{"start":{"line":7,"column":21},"end":{"line":7,"column":24}}],"line":7},"2":{"loc":{"start":{"line":15,"column":8},"end":{"line":15,"column":60}},"type":"if","locations":[{"start":{"line":15,"column":8},"end":{"line":15,"column":60}},{"start":{"line":15,"column":8},"end":{"line":15,"column":60}}],"line":15},"3":{"loc":{"start":{"line":17,"column":8},"end":{"line":20,"column":9}},"type":"if","locations":[{"start":{"line":17,"column":8},"end":{"line":20,"column":9}},{"start":{"line":17,"column":8},"end":{"line":20,"column":9}}],"line":17}},"s":{"0":2,"1":21,"2":2,"3":19,"4":19,"5":19,"6":19,"7":19,"8":1,"9":19,"10":11,"11":11,"12":2},"f":{"0":21},"b":{"0":[2,19],"1":[21,20],"2":[1,18],"3":[11,8]},"_coverageSchema":"332fd63041d2c1bcb487cc26dd0d5f7d97098a6c","hash":"48f211c4c6b596e7090499a7e2b63af52f1f23d0"}
,"/home/edvin/UniCourses/2dv610/tdd-dice-guess/src/model/CustomError.js": {"path":"/home/edvin/UniCourses/2dv610/tdd-dice-guess/src/model/CustomError.js","statementMap":{"0":{"start":{"line":9,"column":0},"end":{"line":13,"column":1}}},"fnMap":{},"branchMap":{},"s":{"0":9},"f":{},"b":{},"_coverageSchema":"332fd63041d2c1bcb487cc26dd0d5f7d97098a6c","hash":"5fbb7bfc0fa1f04d00c1bfcfe875375fc048efe0"}
,"/home/edvin/UniCourses/2dv610/tdd-dice-guess/src/model/Die.js": {"path":"/home/edvin/UniCourses/2dv610/tdd-dice-guess/src/model/Die.js","statementMap":{"0":{"start":{"line":5,"column":4},"end":{"line":5,"column":39}},"1":{"start":{"line":9,"column":0},"end":{"line":9,"column":20}}},"fnMap":{"0":{"name":"(anonymous_0)","decl":{"start":{"line":4,"column":2},"end":{"line":4,"column":3}},"loc":{"start":{"line":4,"column":24},"end":{"line":6,"column":3}},"line":4}},"branchMap":{},"s":{"0":1204,"1":5},"f":{"0":1204},"b":{},"_coverageSchema":"332fd63041d2c1bcb487cc26dd0d5f7d97098a6c","hash":"d1f28911acacc08689816d6e040d5a16496fc6c1"}
,"/home/edvin/UniCourses/2dv610/tdd-dice-guess/src/model/Game.js": {"path":"/home/edvin/UniCourses/2dv610/tdd-dice-guess/src/model/Game.js","statementMap":{"0":{"start":{"line":3,"column":20},"end":{"line":3,"column":44}},"1":{"start":{"line":7,"column":4},"end":{"line":7,"column":56}},"2":{"start":{"line":7,"column":14},"end":{"line":7,"column":56}},"3":{"start":{"line":9,"column":4},"end":{"line":9,"column":18}},"4":{"start":{"line":10,"column":4},"end":{"line":10,"column":29}},"5":{"start":{"line":11,"column":4},"end":{"line":11,"column":27}},"6":{"start":{"line":14,"column":26},"end":{"line":14,"column":54}},"7":{"start":{"line":16,"column":24},"end":{"line":16,"column":50}},"8":{"start":{"line":19,"column":4},"end":{"line":19,"column":30}},"9":{"start":{"line":20,"column":4},"end":{"line":20,"column":57}},"10":{"start":{"line":24,"column":4},"end":{"line":24,"column":29}},"11":{"start":{"line":25,"column":4},"end":{"line":25,"column":27}},"12":{"start":{"line":29,"column":4},"end":{"line":29,"column":29}},"13":{"start":{"line":30,"column":4},"end":{"line":30,"column":40}},"14":{"start":{"line":34,"column":4},"end":{"line":34,"column":58}},"15":{"start":{"line":34,"column":16},"end":{"line":34,"column":58}},"16":{"start":{"line":35,"column":4},"end":{"line":35,"column":71}},"17":{"start":{"line":35,"column":34},"end":{"line":35,"column":71}},"18":{"start":{"line":36,"column":4},"end":{"line":36,"column":62}},"19":{"start":{"line":36,"column":19},"end":{"line":36,"column":62}},"20":{"start":{"line":40,"column":0},"end":{"line":40,"column":21}}},"fnMap":{"0":{"name":"(anonymous_0)","decl":{"start":{"line":6,"column":2},"end":{"line":6,"column":3}},"loc":{"start":{"line":6,"column":19},"end":{"line":12,"column":3}},"line":6},"1":{"name":"(anonymous_1)","decl":{"start":{"line":14,"column":2},"end":{"line":14,"column":3}},"loc":{"start":{"line":14,"column":24},"end":{"line":14,"column":56}},"line":14},"2":{"name":"(anonymous_2)","decl":{"start":{"line":16,"column":2},"end":{"line":16,"column":3}},"loc":{"start":{"line":16,"column":22},"end":{"line":16,"column":52}},"line":16},"3":{"name":"(anonymous_3)","decl":{"start":{"line":18,"column":2},"end":{"line":18,"column":3}},"loc":{"start":{"line":18,"column":15},"end":{"line":21,"column":3}},"line":18},"4":{"name":"(anonymous_4)","decl":{"start":{"line":23,"column":2},"end":{"line":23,"column":3}},"loc":{"start":{"line":23,"column":14},"end":{"line":26,"column":3}},"line":23},"5":{"name":"(anonymous_5)","decl":{"start":{"line":28,"column":2},"end":{"line":28,"column":3}},"loc":{"start":{"line":28,"column":24},"end":{"line":31,"column":3}},"line":28},"6":{"name":"(anonymous_6)","decl":{"start":{"line":33,"column":2},"end":{"line":33,"column":3}},"loc":{"start":{"line":33,"column":23},"end":{"line":37,"column":3}},"line":33}},"branchMap":{"0":{"loc":{"start":{"line":7,"column":4},"end":{"line":7,"column":56}},"type":"if","locations":[{"start":{"line":7,"column":4},"end":{"line":7,"column":56}},{"start":{"line":7,"column":4},"end":{"line":7,"column":56}}],"line":7},"1":{"loc":{"start":{"line":34,"column":4},"end":{"line":34,"column":58}},"type":"if","locations":[{"start":{"line":34,"column":4},"end":{"line":34,"column":58}},{"start":{"line":34,"column":4},"end":{"line":34,"column":58}}],"line":34},"2":{"loc":{"start":{"line":35,"column":4},"end":{"line":35,"column":71}},"type":"if","locations":[{"start":{"line":35,"column":4},"end":{"line":35,"column":71}},{"start":{"line":35,"column":4},"end":{"line":35,"column":71}}],"line":35},"3":{"loc":{"start":{"line":36,"column":4},"end":{"line":36,"column":62}},"type":"if","locations":[{"start":{"line":36,"column":4},"end":{"line":36,"column":62}},{"start":{"line":36,"column":4},"end":{"line":36,"column":62}}],"line":36}},"s":{"0":4,"1":42,"2":1,"3":41,"4":41,"5":41,"6":9,"7":17,"8":29,"9":29,"10":2,"11":2,"12":10,"13":6,"14":10,"15":1,"16":9,"17":2,"18":7,"19":1,"20":4},"f":{"0":42,"1":9,"2":17,"3":29,"4":2,"5":10,"6":10},"b":{"0":[1,41],"1":[1,9],"2":[2,7],"3":[1,6]},"_coverageSchema":"332fd63041d2c1bcb487cc26dd0d5f7d97098a6c","hash":"c4e6b3335d819f5ea57b24c5f4294508e2657e8f"}
,"/home/edvin/UniCourses/2dv610/tdd-dice-guess/src/view/UserInterface.js": {"path":"/home/edvin/UniCourses/2dv610/tdd-dice-guess/src/view/UserInterface.js","statementMap":{"0":{"start":{"line":3,"column":20},"end":{"line":3,"column":58}},"1":{"start":{"line":7,"column":8},"end":{"line":8,"column":54}},"2":{"start":{"line":8,"column":12},"end":{"line":8,"column":54}},"3":{"start":{"line":10,"column":8},"end":{"line":10,"column":24}},"4":{"start":{"line":13,"column":8},"end":{"line":22,"column":9}},"5":{"start":{"line":14,"column":12},"end":{"line":19,"column":13}},"6":{"start":{"line":15,"column":16},"end":{"line":15,"column":85}},"7":{"start":{"line":17,"column":16},"end":{"line":18,"column":84}},"8":{"start":{"line":18,"column":20},"end":{"line":18,"column":84}},"9":{"start":{"line":21,"column":12},"end":{"line":21,"column":28}},"10":{"start":{"line":24,"column":8},"end":{"line":24,"column":56}},"11":{"start":{"line":24,"column":38},"end":{"line":24,"column":54}},"12":{"start":{"line":32,"column":8},"end":{"line":32,"column":69}},"13":{"start":{"line":32,"column":27},"end":{"line":32,"column":69}},"14":{"start":{"line":33,"column":8},"end":{"line":33,"column":29}},"15":{"start":{"line":34,"column":8},"end":{"line":34,"column":29}},"16":{"start":{"line":38,"column":23},"end":{"line":38,"column":54}},"17":{"start":{"line":39,"column":8},"end":{"line":39,"column":55}},"18":{"start":{"line":43,"column":8},"end":{"line":46,"column":9}},"19":{"start":{"line":50,"column":24},"end":{"line":50,"column":43}},"20":{"start":{"line":52,"column":8},"end":{"line":53,"column":47}},"21":{"start":{"line":53,"column":12},"end":{"line":53,"column":47}},"22":{"start":{"line":55,"column":8},"end":{"line":55,"column":32}},"23":{"start":{"line":59,"column":26},"end":{"line":59,"column":45}},"24":{"start":{"line":61,"column":8},"end":{"line":61,"column":38}},"25":{"start":{"line":61,"column":26},"end":{"line":61,"column":38}},"26":{"start":{"line":63,"column":8},"end":{"line":63,"column":42}},"27":{"start":{"line":66,"column":17},"end":{"line":66,"column":43}},"28":{"start":{"line":69,"column":8},"end":{"line":69,"column":55}},"29":{"start":{"line":73,"column":8},"end":{"line":73,"column":31}},"30":{"start":{"line":74,"column":8},"end":{"line":74,"column":31}},"31":{"start":{"line":78,"column":22},"end":{"line":78,"column":51}},"32":{"start":{"line":79,"column":8},"end":{"line":81,"column":9}},"33":{"start":{"line":82,"column":8},"end":{"line":82,"column":31}},"34":{"start":{"line":86,"column":0},"end":{"line":86,"column":30}}},"fnMap":{"0":{"name":"(anonymous_0)","decl":{"start":{"line":6,"column":4},"end":{"line":6,"column":5}},"loc":{"start":{"line":6,"column":37},"end":{"line":25,"column":5}},"line":6},"1":{"name":"(anonymous_1)","decl":{"start":{"line":13,"column":28},"end":{"line":13,"column":29}},"loc":{"start":{"line":13,"column":42},"end":{"line":22,"column":9}},"line":13},"2":{"name":"(anonymous_2)","decl":{"start":{"line":24,"column":30},"end":{"line":24,"column":31}},"loc":{"start":{"line":24,"column":36},"end":{"line":24,"column":56}},"line":24},"3":{"name":"(anonymous_3)","decl":{"start":{"line":31,"column":4},"end":{"line":31,"column":5}},"loc":{"start":{"line":31,"column":34},"end":{"line":35,"column":5}},"line":31},"4":{"name":"(anonymous_4)","decl":{"start":{"line":37,"column":4},"end":{"line":37,"column":5}},"loc":{"start":{"line":37,"column":30},"end":{"line":40,"column":5}},"line":37},"5":{"name":"(anonymous_5)","decl":{"start":{"line":42,"column":4},"end":{"line":42,"column":5}},"loc":{"start":{"line":42,"column":26},"end":{"line":47,"column":5}},"line":42},"6":{"name":"(anonymous_6)","decl":{"start":{"line":49,"column":4},"end":{"line":49,"column":5}},"loc":{"start":{"line":49,"column":31},"end":{"line":56,"column":5}},"line":49},"7":{"name":"(anonymous_7)","decl":{"start":{"line":58,"column":4},"end":{"line":58,"column":5}},"loc":{"start":{"line":58,"column":19},"end":{"line":64,"column":5}},"line":58},"8":{"name":"(anonymous_8)","decl":{"start":{"line":66,"column":4},"end":{"line":66,"column":5}},"loc":{"start":{"line":66,"column":15},"end":{"line":66,"column":45}},"line":66},"9":{"name":"(anonymous_9)","decl":{"start":{"line":68,"column":4},"end":{"line":68,"column":5}},"loc":{"start":{"line":68,"column":18},"end":{"line":70,"column":5}},"line":68},"10":{"name":"(anonymous_10)","decl":{"start":{"line":72,"column":4},"end":{"line":72,"column":5}},"loc":{"start":{"line":72,"column":26},"end":{"line":75,"column":5}},"line":72},"11":{"name":"(anonymous_11)","decl":{"start":{"line":77,"column":4},"end":{"line":77,"column":5}},"loc":{"start":{"line":77,"column":28},"end":{"line":83,"column":5}},"line":77}},"branchMap":{"0":{"loc":{"start":{"line":7,"column":8},"end":{"line":8,"column":54}},"type":"if","locations":[{"start":{"line":7,"column":8},"end":{"line":8,"column":54}},{"start":{"line":7,"column":8},"end":{"line":8,"column":54}}],"line":7},"1":{"loc":{"start":{"line":7,"column":11},"end":{"line":7,"column":33}},"type":"binary-expr","locations":[{"start":{"line":7,"column":11},"end":{"line":7,"column":16}},{"start":{"line":7,"column":20},"end":{"line":7,"column":33}}],"line":7},"2":{"loc":{"start":{"line":14,"column":12},"end":{"line":19,"column":13}},"type":"if","locations":[{"start":{"line":14,"column":12},"end":{"line":19,"column":13}},{"start":{"line":14,"column":12},"end":{"line":19,"column":13}}],"line":14},"3":{"loc":{"start":{"line":17,"column":16},"end":{"line":18,"column":84}},"type":"if","locations":[{"start":{"line":17,"column":16},"end":{"line":18,"column":84}},{"start":{"line":17,"column":16},"end":{"line":18,"column":84}}],"line":17},"4":{"loc":{"start":{"line":32,"column":8},"end":{"line":32,"column":69}},"type":"if","locations":[{"start":{"line":32,"column":8},"end":{"line":32,"column":69}},{"start":{"line":32,"column":8},"end":{"line":32,"column":69}}],"line":32},"5":{"loc":{"start":{"line":52,"column":8},"end":{"line":53,"column":47}},"type":"if","locations":[{"start":{"line":52,"column":8},"end":{"line":53,"column":47}},{"start":{"line":52,"column":8},"end":{"line":53,"column":47}}],"line":52},"6":{"loc":{"start":{"line":61,"column":8},"end":{"line":61,"column":38}},"type":"if","locations":[{"start":{"line":61,"column":8},"end":{"line":61,"column":38}},{"start":{"line":61,"column":8},"end":{"line":61,"column":38}}],"line":61}},"s":{"0":3,"1":36,"2":2,"3":34,"4":34,"5":30,"6":13,"7":17,"8":17,"9":30,"10":34,"11":2,"12":3,"13":1,"14":2,"15":2,"16":4,"17":4,"18":1,"19":4,"20":4,"21":3,"22":4,"23":5,"24":5,"25":1,"26":4,"27":6,"28":1,"29":2,"30":2,"31":11,"32":11,"33":11,"34":3},"f":{"0":36,"1":30,"2":2,"3":3,"4":4,"5":1,"6":4,"7":5,"8":6,"9":1,"10":2,"11":11},"b":{"0":[2,34],"1":[36,35],"2":[13,17],"3":[17,0],"4":[1,2],"5":[3,1],"6":[1,4]},"_coverageSchema":"332fd63041d2c1bcb487cc26dd0d5f7d97098a6c","hash":"412d5b1b2a353821602a3afd93ec8e771d2321ae"}
,"/home/edvin/UniCourses/2dv610/tdd-dice-guess/test/modelTest/DieStub.js": {"path":"/home/edvin/UniCourses/2dv610/tdd-dice-guess/test/modelTest/DieStub.js","statementMap":{"0":{"start":{"line":3,"column":16},"end":{"line":3,"column":17}},"1":{"start":{"line":7,"column":8},"end":{"line":7,"column":22}},"2":{"start":{"line":8,"column":8},"end":{"line":8,"column":24}},"3":{"start":{"line":12,"column":23},"end":{"line":14,"column":1}},"4":{"start":{"line":13,"column":4},"end":{"line":13,"column":17}},"5":{"start":{"line":16,"column":0},"end":{"line":19,"column":1}}},"fnMap":{"0":{"name":"(anonymous_0)","decl":{"start":{"line":6,"column":4},"end":{"line":6,"column":5}},"loc":{"start":{"line":6,"column":26},"end":{"line":9,"column":5}},"line":6},"1":{"name":"(anonymous_1)","decl":{"start":{"line":12,"column":23},"end":{"line":12,"column":24}},"loc":{"start":{"line":12,"column":29},"end":{"line":14,"column":1}},"line":12}},"branchMap":{},"s":{"0":1,"1":9,"2":9,"3":1,"4":4,"5":1},"f":{"0":9,"1":4},"b":{},"_coverageSchema":"332fd63041d2c1bcb487cc26dd0d5f7d97098a6c","hash":"42adb26a36efe6a03348beb8e5acf53451ecffcf"}
,"/home/edvin/UniCourses/2dv610/tdd-dice-guess/test/viewTest/CustomConsoleStub.js": {"path":"/home/edvin/UniCourses/2dv610/tdd-dice-guess/test/viewTest/CustomConsoleStub.js","statementMap":{"0":{"start":{"line":7,"column":8},"end":{"line":8,"column":26}},"1":{"start":{"line":8,"column":12},"end":{"line":8,"column":26}},"2":{"start":{"line":10,"column":8},"end":{"line":12,"column":9}},"3":{"start":{"line":11,"column":12},"end":{"line":11,"column":33}},"4":{"start":{"line":16,"column":0},"end":{"line":16,"column":34}}},"fnMap":{"0":{"name":"(anonymous_0)","decl":{"start":{"line":4,"column":4},"end":{"line":4,"column":5}},"loc":{"start":{"line":4,"column":18},"end":{"line":13,"column":5}},"line":4},"1":{"name":"(anonymous_1)","decl":{"start":{"line":7,"column":30},"end":{"line":7,"column":31}},"loc":{"start":{"line":8,"column":12},"end":{"line":8,"column":26}},"line":8},"2":{"name":"(anonymous_2)","decl":{"start":{"line":10,"column":21},"end":{"line":10,"column":22}},"loc":{"start":{"line":10,"column":27},"end":{"line":12,"column":9}},"line":10}},"branchMap":{},"s":{"0":2,"1":1,"2":2,"3":2,"4":1},"f":{"0":2,"1":1,"2":2},"b":{},"_coverageSchema":"332fd63041d2c1bcb487cc26dd0d5f7d97098a6c","hash":"2aab53f7d3e5590a9c3fdfcdc9f129fe8a3805e4"}
,"/home/edvin/UniCourses/2dv610/tdd-dice-guess/test/viewTest/ReadlineSyncStub.js": {"path":"/home/edvin/UniCourses/2dv610/tdd-dice-guess/test/viewTest/ReadlineSyncStub.js","statementMap":{"0":{"start":{"line":7,"column":8},"end":{"line":8,"column":25}},"1":{"start":{"line":8,"column":12},"end":{"line":8,"column":25}},"2":{"start":{"line":10,"column":8},"end":{"line":13,"column":9}},"3":{"start":{"line":11,"column":12},"end":{"line":11,"column":36}},"4":{"start":{"line":12,"column":12},"end":{"line":12,"column":20}},"5":{"start":{"line":17,"column":0},"end":{"line":17,"column":33}}},"fnMap":{"0":{"name":"(anonymous_0)","decl":{"start":{"line":4,"column":4},"end":{"line":4,"column":5}},"loc":{"start":{"line":4,"column":18},"end":{"line":14,"column":5}},"line":4},"1":{"name":"(anonymous_1)","decl":{"start":{"line":7,"column":32},"end":{"line":7,"column":33}},"loc":{"start":{"line":8,"column":12},"end":{"line":8,"column":25}},"line":8},"2":{"name":"(anonymous_2)","decl":{"start":{"line":10,"column":24},"end":{"line":10,"column":25}},"loc":{"start":{"line":10,"column":36},"end":{"line":13,"column":9}},"line":10}},"branchMap":{},"s":{"0":20,"1":4,"2":20,"3":15,"4":15,"5":2},"f":{"0":20,"1":4,"2":15},"b":{},"_coverageSchema":"332fd63041d2c1bcb487cc26dd0d5f7d97098a6c","hash":"06879ae58547461a7c5d17567b7293f682e14ef0"}
}
