TN:
SF:/home/edvin/UniCourses/2dv610/tdd-dice-guess/src/index.js
FN:9,(anonymous_0)
FN:11,(anonymous_1)
FNF:2
FNH:2
FNDA:5,(anonymous_0)
FNDA:5,(anonymous_1)
DA:3,1
DA:4,1
DA:5,1
DA:6,1
DA:7,1
DA:9,5
DA:11,1
DA:12,5
DA:13,5
DA:14,5
DA:16,5
DA:17,5
DA:21,1
DA:23,1
LF:14
LH:14
BRF:0
BRH:0
end_of_record
TN:
SF:/home/edvin/UniCourses/2dv610/tdd-dice-guess/src/controller/Controller.js
FN:6,(anonymous_0)
FNF:1
FNH:1
FNDA:24,(anonymous_0)
DA:3,2
DA:7,24
DA:9,22
DA:10,22
DA:11,22
DA:13,22
DA:15,22
DA:16,15
DA:17,15
DA:18,2
DA:20,13
DA:25,2
LF:12
LH:12
BRDA:7,0,0,2
BRDA:7,0,1,22
BRDA:7,1,0,24
BRDA:7,1,1,23
BRDA:13,2,0,1
BRDA:13,2,1,21
BRDA:15,3,0,15
BRDA:15,3,1,7
BRDA:17,4,0,2
BRDA:17,4,1,13
BRF:10
BRH:10
end_of_record
TN:
SF:/home/edvin/UniCourses/2dv610/tdd-dice-guess/src/model/CustomError.js
FNF:0
FNH:0
DA:9,9
LF:1
LH:1
BRF:0
BRH:0
end_of_record
TN:
SF:/home/edvin/UniCourses/2dv610/tdd-dice-guess/src/model/Die.js
FN:4,(anonymous_0)
FNF:1
FNH:1
FNDA:1204,(anonymous_0)
DA:5,1204
DA:9,5
LF:2
LH:2
BRF:0
BRH:0
end_of_record
TN:
SF:/home/edvin/UniCourses/2dv610/tdd-dice-guess/src/model/Game.js
FN:6,(anonymous_0)
FN:14,(anonymous_1)
FN:16,(anonymous_2)
FN:18,(anonymous_3)
FN:23,(anonymous_4)
FN:28,(anonymous_5)
FN:33,(anonymous_6)
FNF:7
FNH:7
FNDA:42,(anonymous_0)
FNDA:9,(anonymous_1)
FNDA:17,(anonymous_2)
FNDA:29,(anonymous_3)
FNDA:2,(anonymous_4)
FNDA:10,(anonymous_5)
FNDA:10,(anonymous_6)
DA:3,4
DA:7,42
DA:9,41
DA:10,41
DA:11,41
DA:14,9
DA:16,17
DA:19,29
DA:20,29
DA:24,2
DA:25,2
DA:29,10
DA:30,6
DA:34,10
DA:35,9
DA:36,7
DA:40,4
LF:17
LH:17
BRDA:7,0,0,1
BRDA:7,0,1,41
BRDA:34,1,0,1
BRDA:34,1,1,9
BRDA:35,2,0,2
BRDA:35,2,1,7
BRDA:36,3,0,1
BRDA:36,3,1,6
BRF:8
BRH:8
end_of_record
TN:
SF:/home/edvin/UniCourses/2dv610/tdd-dice-guess/src/view/UserInterface.js
FN:6,(anonymous_0)
FN:13,(anonymous_1)
FN:24,(anonymous_2)
FN:31,(anonymous_3)
FN:37,(anonymous_4)
FN:42,(anonymous_5)
FN:49,(anonymous_6)
FN:58,(anonymous_7)
FN:66,(anonymous_8)
FN:68,(anonymous_9)
FN:72,(anonymous_10)
FN:77,(anonymous_11)
FNF:12
FNH:12
FNDA:31,(anonymous_0)
FNDA:25,(anonymous_1)
FNDA:2,(anonymous_2)
FNDA:3,(anonymous_3)
FNDA:4,(anonymous_4)
FNDA:1,(anonymous_5)
FNDA:4,(anonymous_6)
FNDA:5,(anonymous_7)
FNDA:1,(anonymous_8)
FNDA:1,(anonymous_9)
FNDA:2,(anonymous_10)
FNDA:11,(anonymous_11)
DA:3,3
DA:7,31
DA:8,2
DA:10,29
DA:13,29
DA:14,25
DA:15,13
DA:17,12
DA:18,12
DA:21,25
DA:24,29
DA:32,3
DA:33,2
DA:34,2
DA:38,4
DA:39,4
DA:43,1
DA:50,4
DA:52,4
DA:53,3
DA:55,4
DA:59,5
DA:61,5
DA:63,4
DA:66,1
DA:69,1
DA:73,2
DA:74,2
DA:78,11
DA:79,11
DA:82,11
DA:86,3
LF:32
LH:32
BRDA:7,0,0,2
BRDA:7,0,1,29
BRDA:7,1,0,31
BRDA:7,1,1,30
BRDA:14,2,0,13
BRDA:14,2,1,12
BRDA:17,3,0,12
BRDA:17,3,1,0
BRDA:32,4,0,1
BRDA:32,4,1,2
BRDA:52,5,0,3
BRDA:52,5,1,1
BRDA:61,6,0,1
BRDA:61,6,1,4
BRF:14
BRH:13
end_of_record
TN:
SF:/home/edvin/UniCourses/2dv610/tdd-dice-guess/test/modelTest/DieStub.js
FN:6,(anonymous_0)
FN:12,(anonymous_1)
FNF:2
FNH:2
FNDA:9,(anonymous_0)
FNDA:4,(anonymous_1)
DA:3,1
DA:7,9
DA:8,9
DA:12,1
DA:13,4
DA:16,1
LF:6
LH:6
BRF:0
BRH:0
end_of_record
TN:
SF:/home/edvin/UniCourses/2dv610/tdd-dice-guess/test/viewTest/CustomConsoleStub.js
FN:4,(anonymous_0)
FN:7,(anonymous_1)
FN:10,(anonymous_2)
FNF:3
FNH:3
FNDA:2,(anonymous_0)
FNDA:1,(anonymous_1)
FNDA:2,(anonymous_2)
DA:7,2
DA:8,1
DA:10,2
DA:11,2
DA:16,1
LF:5
LH:5
BRF:0
BRH:0
end_of_record
TN:
SF:/home/edvin/UniCourses/2dv610/tdd-dice-guess/test/viewTest/ReadlineSyncStub.js
FN:4,(anonymous_0)
FN:7,(anonymous_1)
FN:10,(anonymous_2)
FNF:3
FNH:3
FNDA:21,(anonymous_0)
FNDA:4,(anonymous_1)
FNDA:15,(anonymous_2)
DA:7,21
DA:8,4
DA:10,21
DA:11,15
DA:12,15
DA:17,2
LF:6
LH:6
BRF:0
BRH:0
end_of_record
