TN:
SF:/home/edvin/UniCourses/2dv610/tdd-dice-guess/src/model/CustomError.js
FNF:0
FNH:0
DA:11,2
LF:1
LH:1
BRF:0
BRH:0
end_of_record
TN:
SF:/home/edvin/UniCourses/2dv610/tdd-dice-guess/src/model/Die.js
FN:4,(anonymous_0)
FN:8,(anonymous_1)
FN:10,(anonymous_2)
FNF:3
FNH:3
FNDA:1201,(anonymous_0)
FNDA:1201,(anonymous_1)
FNDA:1200,(anonymous_2)
DA:5,1201
DA:8,1201
DA:11,1200
DA:16,2
LF:4
LH:4
BRF:0
BRH:0
end_of_record
TN:
SF:/home/edvin/UniCourses/2dv610/tdd-dice-guess/src/model/Game.js
FN:6,(anonymous_0)
FN:16,(anonymous_1)
FN:20,(anonymous_2)
FN:24,(anonymous_3)
FNF:4
FNH:4
FNDA:8,(anonymous_0)
FNDA:4,(anonymous_1)
FNDA:1,(anonymous_2)
FNDA:4,(anonymous_3)
DA:3,1
DA:7,8
DA:9,7
DA:10,7
DA:12,7
DA:13,7
DA:17,4
DA:21,1
DA:25,4
DA:26,3
DA:27,1
DA:31,1
LF:12
LH:12
BRDA:7,0,0,1
BRDA:7,0,1,7
BRDA:21,1,0,1
BRDA:21,1,1,0
BRDA:25,2,0,1
BRDA:25,2,1,3
BRDA:26,3,0,2
BRDA:26,3,1,1
BRDA:27,4,0,1
BRDA:27,4,1,0
BRF:10
BRH:8
end_of_record
